mode: set
github.com/jaysg1thub/bookings/internal/handlers/handlers.go:24.47,28.2 1 1
github.com/jaysg1thub/bookings/internal/handlers/handlers.go:31.33,33.2 1 1
github.com/jaysg1thub/bookings/internal/handlers/handlers.go:36.67,44.2 3 1
github.com/jaysg1thub/bookings/internal/handlers/handlers.go:47.68,61.2 5 1
github.com/jaysg1thub/bookings/internal/handlers/handlers.go:64.74,74.2 4 1
github.com/jaysg1thub/bookings/internal/handlers/handlers.go:78.78,80.16 2 1
github.com/jaysg1thub/bookings/internal/handlers/handlers.go:80.16,83.3 2 0
github.com/jaysg1thub/bookings/internal/handlers/handlers.go:86.2,105.19 6 1
github.com/jaysg1thub/bookings/internal/handlers/handlers.go:105.19,114.3 4 0
github.com/jaysg1thub/bookings/internal/handlers/handlers.go:123.2,127.66 2 1
github.com/jaysg1thub/bookings/internal/handlers/handlers.go:131.71,133.2 1 1
github.com/jaysg1thub/bookings/internal/handlers/handlers.go:136.69,138.2 1 1
github.com/jaysg1thub/bookings/internal/handlers/handlers.go:141.75,143.2 1 1
github.com/jaysg1thub/bookings/internal/handlers/handlers.go:146.79,150.2 3 1
github.com/jaysg1thub/bookings/internal/handlers/handlers.go:158.79,165.16 3 1
github.com/jaysg1thub/bookings/internal/handlers/handlers.go:165.16,167.3 1 0
github.com/jaysg1thub/bookings/internal/handlers/handlers.go:169.2,172.14 3 1
github.com/jaysg1thub/bookings/internal/handlers/handlers.go:177.70,179.2 1 1
github.com/jaysg1thub/bookings/internal/handlers/handlers.go:181.81,184.9 2 1
github.com/jaysg1thub/bookings/internal/handlers/handlers.go:184.9,189.3 4 1
github.com/jaysg1thub/bookings/internal/handlers/handlers.go:192.2,199.4 4 0
